{"C:\\Users\\Other\\Desktop\\Projects\\news-evaluation-nlp\\src\\client\\js\\elements.js": {"path":"C:\\Users\\Other\\Desktop\\Projects\\news-evaluation-nlp\\src\\client\\js\\elements.js","statementMap":{"0":{"start":{"line":2,"column":20},"end":{"line":2,"column":56}},"1":{"start":{"line":4,"column":22},"end":{"line":4,"column":55}},"2":{"start":{"line":6,"column":28},"end":{"line":6,"column":65}}},"fnMap":{},"branchMap":{},"s":{"0":1,"1":1,"2":1},"f":{},"b":{},"_coverageSchema":"1a1c01bbd47fc00a2c39e90264f33305004495a9","hash":"69f9ca234599bfb0950c53fc8ef3bd7a9c2823b1"}
,"C:\\Users\\Other\\Desktop\\Projects\\news-evaluation-nlp\\src\\client\\js\\handlers.js": {"path":"C:\\Users\\Other\\Desktop\\Projects\\news-evaluation-nlp\\src\\client\\js\\handlers.js","statementMap":{"0":{"start":{"line":5,"column":1},"end":{"line":5,"column":24}},"1":{"start":{"line":7,"column":15},"end":{"line":7,"column":63}},"2":{"start":{"line":9,"column":1},"end":{"line":12,"column":2}},"3":{"start":{"line":10,"column":2},"end":{"line":10,"column":49}},"4":{"start":{"line":11,"column":2},"end":{"line":11,"column":9}},"5":{"start":{"line":14,"column":1},"end":{"line":14,"column":22}},"6":{"start":{"line":15,"column":1},"end":{"line":15,"column":39}},"7":{"start":{"line":17,"column":1},"end":{"line":21,"column":31}},"8":{"start":{"line":19,"column":18},"end":{"line":19,"column":37}},"9":{"start":{"line":21,"column":14},"end":{"line":21,"column":29}}},"fnMap":{"0":{"name":"handleSubmit","decl":{"start":{"line":4,"column":22},"end":{"line":4,"column":34}},"loc":{"start":{"line":4,"column":42},"end":{"line":22,"column":1}},"line":4},"1":{"name":"(anonymous_1)","decl":{"start":{"line":19,"column":8},"end":{"line":19,"column":9}},"loc":{"start":{"line":19,"column":18},"end":{"line":19,"column":37}},"line":19},"2":{"name":"(anonymous_2)","decl":{"start":{"line":21,"column":8},"end":{"line":21,"column":9}},"loc":{"start":{"line":21,"column":14},"end":{"line":21,"column":29}},"line":21}},"branchMap":{"0":{"loc":{"start":{"line":9,"column":1},"end":{"line":12,"column":2}},"type":"if","locations":[{"start":{"line":9,"column":1},"end":{"line":12,"column":2}},{"start":{},"end":{}}],"line":9}},"s":{"0":0,"1":0,"2":0,"3":0,"4":0,"5":0,"6":0,"7":0,"8":0,"9":0},"f":{"0":0,"1":0,"2":0},"b":{"0":[0,0]},"_coverageSchema":"1a1c01bbd47fc00a2c39e90264f33305004495a9","hash":"2b5e166677a2c1c95b09d81a36a0a788415ae5a5"}
,"C:\\Users\\Other\\Desktop\\Projects\\news-evaluation-nlp\\src\\client\\js\\helpers.js": {"path":"C:\\Users\\Other\\Desktop\\Projects\\news-evaluation-nlp\\src\\client\\js\\helpers.js","statementMap":{"0":{"start":{"line":2,"column":1},"end":{"line":2,"column":58}},"1":{"start":{"line":2,"column":33},"end":{"line":2,"column":56}}},"fnMap":{"0":{"name":"wait","decl":{"start":{"line":1,"column":16},"end":{"line":1,"column":20}},"loc":{"start":{"line":1,"column":29},"end":{"line":3,"column":1}},"line":1},"1":{"name":"(anonymous_1)","decl":{"start":{"line":2,"column":20},"end":{"line":2,"column":21}},"loc":{"start":{"line":2,"column":33},"end":{"line":2,"column":56}},"line":2}},"branchMap":{"0":{"loc":{"start":{"line":1,"column":21},"end":{"line":1,"column":27}},"type":"default-arg","locations":[{"start":{"line":1,"column":26},"end":{"line":1,"column":27}}],"line":1}},"s":{"0":0,"1":0},"f":{"0":0,"1":0},"b":{"0":[0]},"_coverageSchema":"1a1c01bbd47fc00a2c39e90264f33305004495a9","hash":"1224ee838e2047960401ad40dd03fa93861ede01"}
,"C:\\Users\\Other\\Desktop\\Projects\\news-evaluation-nlp\\src\\client\\js\\lib.js": {"path":"C:\\Users\\Other\\Desktop\\Projects\\news-evaluation-nlp\\src\\client\\js\\lib.js","statementMap":{"0":{"start":{"line":5,"column":1},"end":{"line":5,"column":35}},"1":{"start":{"line":6,"column":18},"end":{"line":14,"column":3}},"2":{"start":{"line":16,"column":1},"end":{"line":23,"column":2}},"3":{"start":{"line":17,"column":18},"end":{"line":17,"column":39}},"4":{"start":{"line":18,"column":2},"end":{"line":18,"column":23}},"5":{"start":{"line":19,"column":2},"end":{"line":19,"column":33}},"6":{"start":{"line":20,"column":2},"end":{"line":20,"column":17}},"7":{"start":{"line":22,"column":2},"end":{"line":22,"column":30}},"8":{"start":{"line":28,"column":23},"end":{"line":28,"column":58}},"9":{"start":{"line":29,"column":24},"end":{"line":29,"column":60}},"10":{"start":{"line":30,"column":25},"end":{"line":30,"column":62}},"11":{"start":{"line":31,"column":20},"end":{"line":31,"column":52}},"12":{"start":{"line":32,"column":27},"end":{"line":32,"column":66}},"13":{"start":{"line":35,"column":1},"end":{"line":35,"column":41}},"14":{"start":{"line":36,"column":1},"end":{"line":36,"column":43}},"15":{"start":{"line":37,"column":1},"end":{"line":37,"column":45}},"16":{"start":{"line":38,"column":1},"end":{"line":38,"column":35}},"17":{"start":{"line":39,"column":1},"end":{"line":39,"column":49}},"18":{"start":{"line":44,"column":1},"end":{"line":44,"column":14}},"19":{"start":{"line":45,"column":1},"end":{"line":45,"column":21}}},"fnMap":{"0":{"name":"postData","decl":{"start":{"line":4,"column":22},"end":{"line":4,"column":30}},"loc":{"start":{"line":4,"column":52},"end":{"line":24,"column":1}},"line":4},"1":{"name":"updateResults","decl":{"start":{"line":26,"column":22},"end":{"line":26,"column":35}},"loc":{"start":{"line":26,"column":42},"end":{"line":40,"column":1}},"line":26},"2":{"name":"resetForm","decl":{"start":{"line":43,"column":22},"end":{"line":43,"column":31}},"loc":{"start":{"line":43,"column":45},"end":{"line":46,"column":1}},"line":43}},"branchMap":{"0":{"loc":{"start":{"line":4,"column":31},"end":{"line":4,"column":39}},"type":"default-arg","locations":[{"start":{"line":4,"column":37},"end":{"line":4,"column":39}}],"line":4},"1":{"loc":{"start":{"line":4,"column":41},"end":{"line":4,"column":50}},"type":"default-arg","locations":[{"start":{"line":4,"column":48},"end":{"line":4,"column":50}}],"line":4}},"s":{"0":0,"1":0,"2":0,"3":0,"4":0,"5":0,"6":0,"7":0,"8":0,"9":0,"10":0,"11":0,"12":0,"13":0,"14":0,"15":0,"16":0,"17":0,"18":0,"19":0},"f":{"0":0,"1":0,"2":0},"b":{"0":[0],"1":[0]},"_coverageSchema":"1a1c01bbd47fc00a2c39e90264f33305004495a9","hash":"7602d9a2fdbb77b9263ec1b3f11b819464bc112e"}
,"C:\\Users\\Other\\Desktop\\Projects\\news-evaluation-nlp\\src\\server\\index.js": {"path":"C:\\Users\\Other\\Desktop\\Projects\\news-evaluation-nlp\\src\\server\\index.js","statementMap":{"0":{"start":{"line":1,"column":13},"end":{"line":1,"column":17}},"1":{"start":{"line":2,"column":13},"end":{"line":2,"column":28}},"2":{"start":{"line":3,"column":16},"end":{"line":3,"column":34}},"3":{"start":{"line":4,"column":13},"end":{"line":4,"column":28}},"4":{"start":{"line":5,"column":14},"end":{"line":5,"column":35}},"5":{"start":{"line":6,"column":0},"end":{"line":6,"column":27}},"6":{"start":{"line":8,"column":12},"end":{"line":8,"column":21}},"7":{"start":{"line":10,"column":0},"end":{"line":10,"column":32}},"8":{"start":{"line":11,"column":0},"end":{"line":11,"column":23}},"9":{"start":{"line":13,"column":0},"end":{"line":13,"column":16}},"10":{"start":{"line":15,"column":0},"end":{"line":18,"column":3}},"11":{"start":{"line":16,"column":1},"end":{"line":16,"column":48}},"12":{"start":{"line":17,"column":1},"end":{"line":17,"column":53}},"13":{"start":{"line":20,"column":0},"end":{"line":20,"column":40}},"14":{"start":{"line":22,"column":0},"end":{"line":24,"column":3}},"15":{"start":{"line":23,"column":1},"end":{"line":23,"column":33}},"16":{"start":{"line":26,"column":0},"end":{"line":26,"column":40}},"17":{"start":{"line":29,"column":1},"end":{"line":29,"column":26}},"18":{"start":{"line":30,"column":1},"end":{"line":30,"column":43}},"19":{"start":{"line":31,"column":16},"end":{"line":31,"column":35}},"20":{"start":{"line":32,"column":14},"end":{"line":32,"column":58}},"21":{"start":{"line":33,"column":13},"end":{"line":33,"column":63}},"22":{"start":{"line":35,"column":1},"end":{"line":50,"column":2}},"23":{"start":{"line":36,"column":19},"end":{"line":36,"column":35}},"24":{"start":{"line":37,"column":15},"end":{"line":37,"column":36}},"25":{"start":{"line":39,"column":24},"end":{"line":45,"column":3}},"26":{"start":{"line":46,"column":2},"end":{"line":46,"column":29}},"27":{"start":{"line":47,"column":2},"end":{"line":47,"column":26}},"28":{"start":{"line":49,"column":2},"end":{"line":49,"column":23}}},"fnMap":{"0":{"name":"(anonymous_0)","decl":{"start":{"line":15,"column":17},"end":{"line":15,"column":18}},"loc":{"start":{"line":15,"column":23},"end":{"line":18,"column":1}},"line":15},"1":{"name":"(anonymous_1)","decl":{"start":{"line":22,"column":13},"end":{"line":22,"column":14}},"loc":{"start":{"line":22,"column":27},"end":{"line":24,"column":1}},"line":22},"2":{"name":"postSentimentData","decl":{"start":{"line":28,"column":15},"end":{"line":28,"column":32}},"loc":{"start":{"line":28,"column":43},"end":{"line":51,"column":1}},"line":28}},"branchMap":{},"s":{"0":1,"1":1,"2":1,"3":1,"4":1,"5":1,"6":1,"7":1,"8":1,"9":1,"10":1,"11":0,"12":0,"13":1,"14":1,"15":0,"16":1,"17":0,"18":0,"19":0,"20":0,"21":0,"22":0,"23":0,"24":0,"25":0,"26":0,"27":0,"28":0},"f":{"0":0,"1":0,"2":0},"b":{},"_coverageSchema":"1a1c01bbd47fc00a2c39e90264f33305004495a9","hash":"2a35df52fb358034d1e558dab02ff8b0688efee7"}
}
